Unity Editor version:    2021.3.8f1 (b30333d56e81)
Branch:                  2021.3/staging
Build type:              Release
Batch mode:              YES
macOS version:           Version 13.4 (Build 22F66)
Darwin version:          22.5.0
Architecture:            x86_64
Running under Rosetta:   NO
Available memory:        16384 MB
Using pre-set license
Pro License: YES

COMMAND LINE ARGUMENTS:
/Applications/Unity/Unity.app/Contents/MacOS/Unity
-adb2
-batchMode
-noUpm
-name
AssetImportWorker2
-projectPath
/Users/edisonlaw/Documents/Pioneer Hacks V GitHub/PioneerHacks V - Edison Law + Logan Law/Pioneer-Hacks-V-Edison-Law-
-logFile
Logs/AssetImportWorker2.log
-srvPort
49999
Successfully changed project path to: /Users/edisonlaw/Documents/Pioneer Hacks V GitHub/PioneerHacks V - Edison Law + Logan Law/Pioneer-Hacks-V-Edison-Law-
/Users/edisonlaw/Documents/Pioneer Hacks V GitHub/PioneerHacks V - Edison Law + Logan Law/Pioneer-Hacks-V-Edison-Law-
[UnityMemory] Configuration Parameters - Can be set up in boot.config
    "memorysetup-bucket-allocator-granularity=16"
    "memorysetup-bucket-allocator-bucket-count=8"
    "memorysetup-bucket-allocator-block-size=33554432"
    "memorysetup-bucket-allocator-block-count=8"
    "memorysetup-main-allocator-block-size=16777216"
    "memorysetup-thread-allocator-block-size=16777216"
    "memorysetup-gfx-main-allocator-block-size=16777216"
    "memorysetup-gfx-thread-allocator-block-size=16777216"
    "memorysetup-cache-allocator-block-size=4194304"
    "memorysetup-typetree-allocator-block-size=2097152"
    "memorysetup-profiler-bucket-allocator-granularity=16"
    "memorysetup-profiler-bucket-allocator-bucket-count=8"
    "memorysetup-profiler-bucket-allocator-block-size=33554432"
    "memorysetup-profiler-bucket-allocator-block-count=8"
    "memorysetup-profiler-allocator-block-size=16777216"
    "memorysetup-profiler-editor-allocator-block-size=1048576"
    "memorysetup-temp-allocator-size-main=16777216"
    "memorysetup-job-temp-allocator-block-size=2097152"
    "memorysetup-job-temp-allocator-block-size-background=1048576"
    "memorysetup-job-temp-allocator-reduction-small-platforms=262144"
    "memorysetup-temp-allocator-size-background-worker=32768"
    "memorysetup-temp-allocator-size-job-worker=262144"
    "memorysetup-temp-allocator-size-preload-manager=33554432"
    "memorysetup-temp-allocator-size-nav-mesh-worker=65536"
    "memorysetup-temp-allocator-size-audio-worker=65536"
    "memorysetup-temp-allocator-size-cloud-worker=32768"
    "memorysetup-temp-allocator-size-gi-baking-worker=262144"
    "memorysetup-temp-allocator-size-gfx=262144"
Refreshing native plugins compatible for Editor in 144.05 ms, found 3 plugins.
Preloading 0 native plugins for Editor in 0.00 ms.
Initialize engine version: 2021.3.8f1 (b30333d56e81)
[Subsystems] Discovering subsystems at path /Applications/Unity/Unity.app/Contents/Resources/UnitySubsystems
[Subsystems] Discovering subsystems at path /Users/edisonlaw/Documents/Pioneer Hacks V GitHub/PioneerHacks V - Edison Law + Logan Law/Pioneer-Hacks-V-Edison-Law-/Assets
GfxDevice: creating device client; threaded=0; jobified=0
Color LCD preferred device: Intel(R) Iris(TM) Plus Graphics (low power)
Metal devices available: 1
0: Intel(R) Iris(TM) Plus Graphics (low power)
Using device Intel(R) Iris(TM) Plus Graphics (low power)
Initializing Metal device caps: Intel(R) Iris(TM) Plus Graphics
Initialize mono
Mono path[0] = '/Applications/Unity/Unity.app/Contents/Managed'
Mono path[1] = '/Applications/Unity/Unity.app/Contents/MonoBleedingEdge/lib/mono/unityjit-macos'
Mono config path = '/Applications/Unity/Unity.app/Contents/MonoBleedingEdge/etc'
Using monoOptions --debugger-agent=transport=dt_socket,embedding=1,server=y,suspend=n,address=127.0.0.1:56465
Begin MonoManager ReloadAssembly
Registering precompiled unity dll's ...
Register platform support module: /Applications/Unity/PlaybackEngines/WebGLSupport/UnityEditor.WebGL.Extensions.dll
Register platform support module: /Applications/Unity/Unity.app/Contents/PlaybackEngines/MacStandaloneSupport/UnityEditor.OSXStandalone.Extensions.dll
Register platform support module: /Applications/Unity/PlaybackEngines/iOSSupport/UnityEditor.iOS.Extensions.dll
Registered in 0.005969 seconds.
[usbmuxd] Start listen thread
[usbmuxd] Listen thread started
[usbmuxd] Send listen message
[usbmuxd] Attached: 1 00008110-000C1C9C3EBB801E
Native extension for iOS target not found
Native extension for OSXStandalone target not found
Native extension for WebGL target not found
Refreshing native plugins compatible for Editor in 103.61 ms, found 3 plugins.
Preloading 0 native plugins for Editor in 0.00 ms.
Mono: successfully reloaded assembly
- Completed reload, in  1.104 seconds
Domain Reload Profiling:
	ReloadAssembly (1104ms)
		BeginReloadAssembly (149ms)
			ExecutionOrderSort (0ms)
			DisableScriptedObjects (0ms)
			BackupInstance (0ms)
			ReleaseScriptingObjects (0ms)
			CreateAndSetChildDomain (1ms)
		EndReloadAssembly (793ms)
			LoadAssemblies (153ms)
			RebuildTransferFunctionScriptingTraits (0ms)
			SetupTypeCache (162ms)
			ReleaseScriptCaches (0ms)
			RebuildScriptCaches (40ms)
			SetupLoadedEditorAssemblies (521ms)
				LogAssemblyErrors (0ms)
				InitializePlatformSupportModulesInManaged (145ms)
				SetLoadedEditorAssemblies (0ms)
				RefreshPlugins (104ms)
				BeforeProcessingInitializeOnLoad (1ms)
				ProcessInitializeOnLoadAttributes (182ms)
				ProcessInitializeOnLoadMethodAttributes (89ms)
				AfterProcessingInitializeOnLoad (0ms)
				EditorAssembliesLoaded (0ms)
			ExecutionOrderSort2 (0ms)
			AwakeInstancesAfterBackupRestoration (0ms)
Platform modules already initialized, skipping
Registering precompiled user dll's ...
Registered in 0.018349 seconds.
Begin MonoManager ReloadAssembly
Symbol file LoadedFromMemory doesn't match image /Users/edisonlaw/Documents/Pioneer Hacks V GitHub/PioneerHacks V - Edison Law + Logan Law/Pioneer-Hacks-V-Edison-Law-/Library/PackageCache/com.unity.visualscripting@1.7.8/Editor/VisualScripting.Core/Dependencies/YamlDotNet/Unity.VisualScripting.YamlDotNet.dll
Symbol file LoadedFromMemory doesn't match image /Users/edisonlaw/Documents/Pioneer Hacks V GitHub/PioneerHacks V - Edison Law + Logan Law/Pioneer-Hacks-V-Edison-Law-/Library/PackageCache/com.unity.visualscripting@1.7.8/Editor/VisualScripting.Core/Dependencies/DotNetZip/Unity.VisualScripting.IonicZip.dll
Native extension for iOS target not found
Native extension for OSXStandalone target not found
Native extension for WebGL target not found
Refreshing native plugins compatible for Editor in 0.96 ms, found 3 plugins.
Preloading 0 native plugins for Editor in 0.00 ms.
Mono: successfully reloaded assembly
- Completed reload, in  1.696 seconds
Domain Reload Profiling:
	ReloadAssembly (1697ms)
		BeginReloadAssembly (123ms)
			ExecutionOrderSort (0ms)
			DisableScriptedObjects (7ms)
			BackupInstance (0ms)
			ReleaseScriptingObjects (0ms)
			CreateAndSetChildDomain (35ms)
		EndReloadAssembly (1409ms)
			LoadAssemblies (147ms)
			RebuildTransferFunctionScriptingTraits (0ms)
			SetupTypeCache (421ms)
			ReleaseScriptCaches (1ms)
			RebuildScriptCaches (77ms)
			SetupLoadedEditorAssemblies (705ms)
				LogAssemblyErrors (0ms)
				InitializePlatformSupportModulesInManaged (40ms)
				SetLoadedEditorAssemblies (1ms)
				RefreshPlugins (1ms)
				BeforeProcessingInitializeOnLoad (180ms)
				ProcessInitializeOnLoadAttributes (395ms)
				ProcessInitializeOnLoadMethodAttributes (85ms)
				AfterProcessingInitializeOnLoad (2ms)
				EditorAssembliesLoaded (0ms)
			ExecutionOrderSort2 (0ms)
			AwakeInstancesAfterBackupRestoration (5ms)
Platform modules already initialized, skipping
========================================================================
Worker process is ready to serve import requests
Launching external process: /Applications/Unity/Unity.app/Contents/Tools/UnityShaderCompiler
Launched and connected shader compiler UnityShaderCompiler after 0.08 seconds
Refreshing native plugins compatible for Editor in 0.79 ms, found 3 plugins.
Preloading 0 native plugins for Editor in 0.00 ms.
Unloading 4148 Unused Serialized files (Serialized files now loaded: 0)
Unloading 41 unused Assets / (115.4 KB). Loaded Objects now: 4599.
Memory consumption went from 162.2 MB to 162.1 MB.
Total: 3.767175 ms (FindLiveObjects: 0.266340 ms CreateObjectMapping: 0.163021 ms MarkObjects: 3.159168 ms  DeleteObjects: 0.177509 ms)

Unloading 0 Unused Serialized files (Serialized files now loaded: 0)
Unloading 0 unused Assets / (29.1 KB). Loaded Objects now: 4599.
Memory consumption went from 162.1 MB to 162.1 MB.
Total: 3.217883 ms (FindLiveObjects: 0.247504 ms CreateObjectMapping: 0.136659 ms MarkObjects: 2.811452 ms  DeleteObjects: 0.021292 ms)

AssetImportParameters requested are different than current active one (requested -> active):
  custom:video-decoder-ogg-theora: a1e56fd34408186e4bbccfd4996cb3dc -> 
  custom:container-muxer-webm: aa71ff27fc2769a1b78a27578f13a17b -> 
  custom:container-demuxer-webm: 4f35f7cbe854078d1ac9338744f61a02 -> 
  custom:video-encoder-webm-vp8: eb34c28f22e8b96e1ab97ce403110664 -> 
  custom:framework-osx-AVFoundation: e770b220cccbd017edd2c1fefb359320 -> 
  custom:audio-encoder-webm-vorbis: bf7c407c2cedff20999df2af8eb42d56 -> 
  custom:container-demuxer-ogg: 62fdf1f143b41e24485cea50d1cbac27 -> 
  custom:video-decoder-webm-vp8: 9c59270c3fd7afecdb556c50c9e8de78 -> 
  custom:audio-decoder-ogg-vorbis: bf7c407c2cedff20999df2af8eb42d56 -> 
========================================================================
Received Import Request.
  Time since last request: 6360.990187 seconds.
  path: Assets/AppIcon.png
  artifactKey: Guid(d700193809dc54660a401d009d1bb8c7) Importer(815301076,1909f56bfc062723c751e8b465ee728b)
Start importing Assets/AppIcon.png using Guid(d700193809dc54660a401d009d1bb8c7) Importer(815301076,1909f56bfc062723c751e8b465ee728b)  -> (artifact id: 'bf03e439ad305059c5a57ca3b143d66b') in 0.267288 seconds 
========================================================================
Received Import Request.
  Time since last request: 6.398205 seconds.
  path: Assets/AppIcon.png
  artifactKey: Guid(d700193809dc54660a401d009d1bb8c7) Importer(815301076,1909f56bfc062723c751e8b465ee728b)
Start importing Assets/AppIcon.png using Guid(d700193809dc54660a401d009d1bb8c7) Importer(815301076,1909f56bfc062723c751e8b465ee728b)  -> (artifact id: 'edb50139f04b10bbe29401404cbc60b4') in 0.074487 seconds 
========================================================================
Received Import Request.
  Time since last request: 4.023008 seconds.
  path: Assets/ARDK/Editor/Icons/Location.png
  artifactKey: Guid(acfdc1088e987426085f45bc5f643770) Importer(815301076,1909f56bfc062723c751e8b465ee728b)
Start importing Assets/ARDK/Editor/Icons/Location.png using Guid(acfdc1088e987426085f45bc5f643770) Importer(815301076,1909f56bfc062723c751e8b465ee728b)  -> (artifact id: 'ce7ab5383e765628e6fb032bb3d432f3') in 0.018665 seconds 
========================================================================
Received Import Request.
  Time since last request: 0.000113 seconds.
  path: Assets/TextMesh Pro/Examples & Extras/Textures/Mask Zig-n-Zag.psd
  artifactKey: Guid(bb8dfcd263ad4eb383a33d74a720be6f) Importer(815301076,1909f56bfc062723c751e8b465ee728b)
Start importing Assets/TextMesh Pro/Examples & Extras/Textures/Mask Zig-n-Zag.psd using Guid(bb8dfcd263ad4eb383a33d74a720be6f) Importer(815301076,1909f56bfc062723c751e8b465ee728b)  -> (artifact id: 'e95e848bd69531809fa89e03e73684bf') in 0.619611 seconds 
Editor requested this worker to shutdown with reason: Scaling down because of idle timeout
AssetImportWorkerClient::OnTransportError - code=2 error=End of file
AssetImportWorker is now disconnected from the server
Process exiting
libc++abi: terminating due to uncaught exception of type std::__1::system_error: mutex lock failed: Invalid argument
Obtained 28 stack frames.
#0  0x007ff80c3591f2 in __pthread_kill
#1  0x007ff80c2b7b45 in abort
#2  0x007ff80c34b282 in abort_message
#3  0x007ff80c33d3e1 in demangling_terminate_handler()
#4  0x007ff80c0117d6 in _objc_terminate()
#5  0x007ff80c34a6db in std::__terminate(void (*)())
#6  0x007ff80c34a696 in std::terminate()
#7  0x00000162fc8777 in folly::threadlocal_detail::StaticMeta<void, void>::onForkChild()
#8  0x007ff80c262ba1 in __cxa_finalize_ranges
#9  0x007ff80c2629bb in exit
#10 0x0000010a6827e4 in ExitDontLaunchBugReporter(int)
#11 0x007ff80c1eed91 in _dispatch_call_block_and_release
#12 0x007ff80c1f0033 in _dispatch_client_callout
#13 0x007ff80c1fcfcf in _dispatch_main_queue_drain
#14 0x007ff80c1fcc07 in _dispatch_main_queue_callback_4CF
#15 0x007ff80c4ac205 in __CFRUNLOOP_IS_SERVICING_THE_MAIN_DISPATCH_QUEUE__
#16 0x007ff80c46bf2f in __CFRunLoopRun
#17 0x007ff80c46af31 in CFRunLoopRunSpecific
#18 0x007ff815ee6dad in RunCurrentEventLoopInMode
#19 0x007ff815ee6bbe in ReceiveNextEventCommon
#20 0x007ff815ee6918 in _BlockUntilNextEventMatchingListInModeWithFilter
#21 0x007ff80f4ff5d0 in _DPSNextEvent
#22 0x007ff80f4fe47a in -[NSApplication(NSEvent) _nextEventMatchingEventMask:untilDate:inMode:dequeue:]
#23 0x007ff80f4f0ae8 in -[NSApplication run]
#24 0x007ff80f4c4d02 in NSApplicationMain
#25 0x0000010a6932b5 in EditorMain(int, char const**)
#26 0x0000010a6935d9 in main
#27 0x007ff80c03741f in start
