Unity Editor version:    2021.3.8f1 (b30333d56e81)
Branch:                  2021.3/staging
Build type:              Release
Batch mode:              YES
macOS version:           Version 13.4 (Build 22F66)
Darwin version:          22.5.0
Architecture:            x86_64
Running under Rosetta:   NO
Available memory:        16384 MB
Using pre-set license
Pro License: YES

COMMAND LINE ARGUMENTS:
/Applications/Unity/Unity.app/Contents/MacOS/Unity
-adb2
-batchMode
-noUpm
-name
AssetImportWorker3
-projectPath
/Users/edisonlaw/Documents/Pioneer Hacks V GitHub/PioneerHacks V - Edison Law + Logan Law/Pioneer-Hacks-V-Edison-Law-
-logFile
Logs/AssetImportWorker3.log
-srvPort
49999
Successfully changed project path to: /Users/edisonlaw/Documents/Pioneer Hacks V GitHub/PioneerHacks V - Edison Law + Logan Law/Pioneer-Hacks-V-Edison-Law-
/Users/edisonlaw/Documents/Pioneer Hacks V GitHub/PioneerHacks V - Edison Law + Logan Law/Pioneer-Hacks-V-Edison-Law-
[UnityMemory] Configuration Parameters - Can be set up in boot.config
    "memorysetup-bucket-allocator-granularity=16"
    "memorysetup-bucket-allocator-bucket-count=8"
    "memorysetup-bucket-allocator-block-size=33554432"
    "memorysetup-bucket-allocator-block-count=8"
    "memorysetup-main-allocator-block-size=16777216"
    "memorysetup-thread-allocator-block-size=16777216"
    "memorysetup-gfx-main-allocator-block-size=16777216"
    "memorysetup-gfx-thread-allocator-block-size=16777216"
    "memorysetup-cache-allocator-block-size=4194304"
    "memorysetup-typetree-allocator-block-size=2097152"
    "memorysetup-profiler-bucket-allocator-granularity=16"
    "memorysetup-profiler-bucket-allocator-bucket-count=8"
    "memorysetup-profiler-bucket-allocator-block-size=33554432"
    "memorysetup-profiler-bucket-allocator-block-count=8"
    "memorysetup-profiler-allocator-block-size=16777216"
    "memorysetup-profiler-editor-allocator-block-size=1048576"
    "memorysetup-temp-allocator-size-main=16777216"
    "memorysetup-job-temp-allocator-block-size=2097152"
    "memorysetup-job-temp-allocator-block-size-background=1048576"
    "memorysetup-job-temp-allocator-reduction-small-platforms=262144"
    "memorysetup-temp-allocator-size-background-worker=32768"
    "memorysetup-temp-allocator-size-job-worker=262144"
    "memorysetup-temp-allocator-size-preload-manager=33554432"
    "memorysetup-temp-allocator-size-nav-mesh-worker=65536"
    "memorysetup-temp-allocator-size-audio-worker=65536"
    "memorysetup-temp-allocator-size-cloud-worker=32768"
    "memorysetup-temp-allocator-size-gi-baking-worker=262144"
    "memorysetup-temp-allocator-size-gfx=262144"
Refreshing native plugins compatible for Editor in 113.29 ms, found 3 plugins.
Preloading 0 native plugins for Editor in 0.00 ms.
Initialize engine version: 2021.3.8f1 (b30333d56e81)
[Subsystems] Discovering subsystems at path /Applications/Unity/Unity.app/Contents/Resources/UnitySubsystems
[Subsystems] Discovering subsystems at path /Users/edisonlaw/Documents/Pioneer Hacks V GitHub/PioneerHacks V - Edison Law + Logan Law/Pioneer-Hacks-V-Edison-Law-/Assets
GfxDevice: creating device client; threaded=0; jobified=0
Color LCD preferred device: Intel(R) Iris(TM) Plus Graphics (low power)
Metal devices available: 1
0: Intel(R) Iris(TM) Plus Graphics (low power)
Using device Intel(R) Iris(TM) Plus Graphics (low power)
Initializing Metal device caps: Intel(R) Iris(TM) Plus Graphics
Initialize mono
Mono path[0] = '/Applications/Unity/Unity.app/Contents/Managed'
Mono path[1] = '/Applications/Unity/Unity.app/Contents/MonoBleedingEdge/lib/mono/unityjit-macos'
Mono config path = '/Applications/Unity/Unity.app/Contents/MonoBleedingEdge/etc'
Using monoOptions --debugger-agent=transport=dt_socket,embedding=1,server=y,suspend=n,address=127.0.0.1:56474
Begin MonoManager ReloadAssembly
Registering precompiled unity dll's ...
Register platform support module: /Applications/Unity/PlaybackEngines/WebGLSupport/UnityEditor.WebGL.Extensions.dll
Register platform support module: /Applications/Unity/Unity.app/Contents/PlaybackEngines/MacStandaloneSupport/UnityEditor.OSXStandalone.Extensions.dll
Register platform support module: /Applications/Unity/PlaybackEngines/iOSSupport/UnityEditor.iOS.Extensions.dll
Registered in 0.001219 seconds.
[usbmuxd] Start listen thread
[usbmuxd] Listen thread started
[usbmuxd] Send listen message
[usbmuxd] Attached: 1 00008110-000C1C9C3EBB801E
Native extension for iOS target not found
Native extension for OSXStandalone target not found
Native extension for WebGL target not found
Refreshing native plugins compatible for Editor in 98.48 ms, found 3 plugins.
Preloading 0 native plugins for Editor in 0.00 ms.
Mono: successfully reloaded assembly
- Completed reload, in  0.964 seconds
Domain Reload Profiling:
	ReloadAssembly (964ms)
		BeginReloadAssembly (74ms)
			ExecutionOrderSort (0ms)
			DisableScriptedObjects (0ms)
			BackupInstance (0ms)
			ReleaseScriptingObjects (0ms)
			CreateAndSetChildDomain (1ms)
		EndReloadAssembly (740ms)
			LoadAssemblies (73ms)
			RebuildTransferFunctionScriptingTraits (0ms)
			SetupTypeCache (162ms)
			ReleaseScriptCaches (0ms)
			RebuildScriptCaches (41ms)
			SetupLoadedEditorAssemblies (478ms)
				LogAssemblyErrors (0ms)
				InitializePlatformSupportModulesInManaged (141ms)
				SetLoadedEditorAssemblies (0ms)
				RefreshPlugins (113ms)
				BeforeProcessingInitializeOnLoad (2ms)
				ProcessInitializeOnLoadAttributes (169ms)
				ProcessInitializeOnLoadMethodAttributes (53ms)
				AfterProcessingInitializeOnLoad (0ms)
				EditorAssembliesLoaded (0ms)
			ExecutionOrderSort2 (0ms)
			AwakeInstancesAfterBackupRestoration (0ms)
Platform modules already initialized, skipping
Registering precompiled user dll's ...
Registered in 0.004706 seconds.
Begin MonoManager ReloadAssembly
Symbol file LoadedFromMemory doesn't match image /Users/edisonlaw/Documents/Pioneer Hacks V GitHub/PioneerHacks V - Edison Law + Logan Law/Pioneer-Hacks-V-Edison-Law-/Library/PackageCache/com.unity.visualscripting@1.7.8/Editor/VisualScripting.Core/Dependencies/YamlDotNet/Unity.VisualScripting.YamlDotNet.dll
Symbol file LoadedFromMemory doesn't match image /Users/edisonlaw/Documents/Pioneer Hacks V GitHub/PioneerHacks V - Edison Law + Logan Law/Pioneer-Hacks-V-Edison-Law-/Library/PackageCache/com.unity.visualscripting@1.7.8/Editor/VisualScripting.Core/Dependencies/DotNetZip/Unity.VisualScripting.IonicZip.dll
Native extension for iOS target not found
Native extension for OSXStandalone target not found
Native extension for WebGL target not found
Refreshing native plugins compatible for Editor in 0.70 ms, found 3 plugins.
Preloading 0 native plugins for Editor in 0.00 ms.
Mono: successfully reloaded assembly
- Completed reload, in  1.572 seconds
Domain Reload Profiling:
	ReloadAssembly (1573ms)
		BeginReloadAssembly (129ms)
			ExecutionOrderSort (0ms)
			DisableScriptedObjects (7ms)
			BackupInstance (0ms)
			ReleaseScriptingObjects (0ms)
			CreateAndSetChildDomain (36ms)
		EndReloadAssembly (1279ms)
			LoadAssemblies (147ms)
			RebuildTransferFunctionScriptingTraits (0ms)
			SetupTypeCache (425ms)
			ReleaseScriptCaches (1ms)
			RebuildScriptCaches (90ms)
			SetupLoadedEditorAssemblies (552ms)
				LogAssemblyErrors (0ms)
				InitializePlatformSupportModulesInManaged (29ms)
				SetLoadedEditorAssemblies (1ms)
				RefreshPlugins (1ms)
				BeforeProcessingInitializeOnLoad (102ms)
				ProcessInitializeOnLoadAttributes (337ms)
				ProcessInitializeOnLoadMethodAttributes (81ms)
				AfterProcessingInitializeOnLoad (2ms)
				EditorAssembliesLoaded (0ms)
			ExecutionOrderSort2 (0ms)
			AwakeInstancesAfterBackupRestoration (5ms)
Platform modules already initialized, skipping
========================================================================
Worker process is ready to serve import requests
Launching external process: /Applications/Unity/Unity.app/Contents/Tools/UnityShaderCompiler
Launched and connected shader compiler UnityShaderCompiler after 0.08 seconds
Refreshing native plugins compatible for Editor in 0.68 ms, found 3 plugins.
Preloading 0 native plugins for Editor in 0.00 ms.
Unloading 4148 Unused Serialized files (Serialized files now loaded: 0)
Unloading 41 unused Assets / (115.4 KB). Loaded Objects now: 4599.
Memory consumption went from 162.3 MB to 162.2 MB.
Total: 3.879532 ms (FindLiveObjects: 0.316852 ms CreateObjectMapping: 0.198036 ms MarkObjects: 3.124050 ms  DeleteObjects: 0.239578 ms)

Unloading 0 Unused Serialized files (Serialized files now loaded: 0)
Unloading 0 unused Assets / (29.1 KB). Loaded Objects now: 4599.
Memory consumption went from 162.2 MB to 162.2 MB.
Total: 4.165754 ms (FindLiveObjects: 0.352212 ms CreateObjectMapping: 0.299239 ms MarkObjects: 3.325933 ms  DeleteObjects: 0.187355 ms)

AssetImportParameters requested are different than current active one (requested -> active):
  custom:video-decoder-ogg-theora: a1e56fd34408186e4bbccfd4996cb3dc -> 
  custom:container-muxer-webm: aa71ff27fc2769a1b78a27578f13a17b -> 
  custom:container-demuxer-webm: 4f35f7cbe854078d1ac9338744f61a02 -> 
  custom:video-encoder-webm-vp8: eb34c28f22e8b96e1ab97ce403110664 -> 
  custom:framework-osx-AVFoundation: e770b220cccbd017edd2c1fefb359320 -> 
  custom:audio-encoder-webm-vorbis: bf7c407c2cedff20999df2af8eb42d56 -> 
  custom:container-demuxer-ogg: 62fdf1f143b41e24485cea50d1cbac27 -> 
  custom:video-decoder-webm-vp8: 9c59270c3fd7afecdb556c50c9e8de78 -> 
  custom:audio-decoder-ogg-vorbis: bf7c407c2cedff20999df2af8eb42d56 -> 
========================================================================
Received Import Request.
  Time since last request: 6360.991305 seconds.
  path: Assets/C#.png
  artifactKey: Guid(240eda546ef2b44358aa69795dd3b08b) Importer(815301076,1909f56bfc062723c751e8b465ee728b)
Start importing Assets/C#.png using Guid(240eda546ef2b44358aa69795dd3b08b) Importer(815301076,1909f56bfc062723c751e8b465ee728b)  -> (artifact id: '55b261f063a50e1f8cd1f1d9e414de89') in 0.315258 seconds 
========================================================================
Received Import Request.
  Time since last request: 10.445759 seconds.
  path: Assets/ARDK/Editor/Icons/Location@2x.png
  artifactKey: Guid(f79058363970041feaa7825c11bb5154) Importer(815301076,1909f56bfc062723c751e8b465ee728b)
Start importing Assets/ARDK/Editor/Icons/Location@2x.png using Guid(f79058363970041feaa7825c11bb5154) Importer(815301076,1909f56bfc062723c751e8b465ee728b)  -> (artifact id: '1fc1aff66889f125e5e38cec54bc2e8f') in 0.020336 seconds 
========================================================================
Received Import Request.
  Time since last request: 0.000139 seconds.
  path: Assets/ARDK/Editor/Icons/Map@2x.png
  artifactKey: Guid(0ef4afe37d8884182a923ace0c85ed51) Importer(815301076,1909f56bfc062723c751e8b465ee728b)
Start importing Assets/ARDK/Editor/Icons/Map@2x.png using Guid(0ef4afe37d8884182a923ace0c85ed51) Importer(815301076,1909f56bfc062723c751e8b465ee728b)  -> (artifact id: 'ecdcc0312fdb44d1c1bfd57cfb38281b') in 0.020800 seconds 
========================================================================
Received Import Request.
  Time since last request: 0.000138 seconds.
  path: Packages/com.unity.collab-proxy/Editor/Collaborate/Assets/Icons/merge-conflicts-dark.png
  artifactKey: Guid(f15453c5e25703942b480f17a40794f5) Importer(815301076,1909f56bfc062723c751e8b465ee728b)
Start importing Packages/com.unity.collab-proxy/Editor/Collaborate/Assets/Icons/merge-conflicts-dark.png using Guid(f15453c5e25703942b480f17a40794f5) Importer(815301076,1909f56bfc062723c751e8b465ee728b)  -> (artifact id: 'ec7dfdc762f8149a66923e9578b11734') in 0.018595 seconds 
========================================================================
Received Import Request.
  Time since last request: 0.000092 seconds.
  path: Assets/ARDK/Editor/Icons/Map.png
  artifactKey: Guid(2c189727c3d814f4bb486c57de90278d) Importer(815301076,1909f56bfc062723c751e8b465ee728b)
Start importing Assets/ARDK/Editor/Icons/Map.png using Guid(2c189727c3d814f4bb486c57de90278d) Importer(815301076,1909f56bfc062723c751e8b465ee728b)  -> (artifact id: '850ce085b5cb26df437a0b3eb1a0d48f') in 0.025157 seconds 
========================================================================
Received Import Request.
  Time since last request: 0.000092 seconds.
  path: Packages/com.unity.collab-proxy/Editor/Collaborate/Assets/Icons/merge-conflicts-light.png
  artifactKey: Guid(d876c6d477e3c3b4891cdee8f10ecaf1) Importer(815301076,1909f56bfc062723c751e8b465ee728b)
Start importing Packages/com.unity.collab-proxy/Editor/Collaborate/Assets/Icons/merge-conflicts-light.png using Guid(d876c6d477e3c3b4891cdee8f10ecaf1) Importer(815301076,1909f56bfc062723c751e8b465ee728b)  -> (artifact id: '6aa5960989375a958ed7e6dbb332bd33') in 0.017169 seconds 
========================================================================
Received Import Request.
  Time since last request: 0.000127 seconds.
  path: Packages/com.unity.collab-proxy/Editor/Collaborate/Assets/Icons/merge-conflicts-dark@2x.png
  artifactKey: Guid(7dc96f2ba3659a64eb632128d0705ddc) Importer(815301076,1909f56bfc062723c751e8b465ee728b)
Start importing Packages/com.unity.collab-proxy/Editor/Collaborate/Assets/Icons/merge-conflicts-dark@2x.png using Guid(7dc96f2ba3659a64eb632128d0705ddc) Importer(815301076,1909f56bfc062723c751e8b465ee728b)  -> (artifact id: 'c7d8bf1a918ebe5a8b0eb1caa3becf79') in 0.015648 seconds 
Editor requested this worker to shutdown with reason: Scaling down because of idle timeout
AssetImportWorker is now disconnected from the server
Process exiting
libc++abi: terminating due to uncaught exception of type std::__1::system_error: mutex lock failed: Invalid argument
Obtained 28 stack frames.
#0  0x007ff80c3591f2 in __pthread_kill
#1  0x007ff80c2b7b45 in abort
#2  0x007ff80c34b282 in abort_message
#3  0x007ff80c33d3e1 in demangling_terminate_handler()
#4  0x007ff80c0117d6 in _objc_terminate()
#5  0x007ff80c34a6db in std::__terminate(void (*)())
#6  0x007ff80c34a696 in std::terminate()
#7  0x0000016258b777 in folly::threadlocal_detail::StaticMeta<void, void>::onForkChild()
#8  0x007ff80c262ba1 in __cxa_finalize_ranges
#9  0x007ff80c2629bb in exit
#10 0x00000109c9b7e4 in ExitDontLaunchBugReporter(int)
#11 0x007ff80c1eed91 in _dispatch_call_block_and_release
#12 0x007ff80c1f0033 in _dispatch_client_callout
#13 0x007ff80c1fcfcf in _dispatch_main_queue_drain
#14 0x007ff80c1fcc07 in _dispatch_main_queue_callback_4CF
#15 0x007ff80c4ac205 in __CFRUNLOOP_IS_SERVICING_THE_MAIN_DISPATCH_QUEUE__
#16 0x007ff80c46bf2f in __CFRunLoopRun
#17 0x007ff80c46af31 in CFRunLoopRunSpecific
#18 0x007ff815ee6dad in RunCurrentEventLoopInMode
#19 0x007ff815ee6bbe in ReceiveNextEventCommon
#20 0x007ff815ee6918 in _BlockUntilNextEventMatchingListInModeWithFilter
#21 0x007ff80f4ff5d0 in _DPSNextEvent
#22 0x007ff80f4fe47a in -[NSApplication(NSEvent) _nextEventMatchingEventMask:untilDate:inMode:dequeue:]
#23 0x007ff80f4f0ae8 in -[NSApplication run]
#24 0x007ff80f4c4d02 in NSApplicationMain
#25 0x00000109cac2b5 in EditorMain(int, char const**)
#26 0x00000109cac5d9 in main
#27 0x007ff80c03741f in start
